[2021-05-28 19:07:23.515] [exthost] [info] extension host started
[2021-05-28 19:07:23.580] [exthost] [info] ExtensionService#_doActivateExtension vscode.debug-auto-launch {"startup":true,"extensionId":{"value":"vscode.debug-auto-launch","_lower":"vscode.debug-auto-launch"},"activationEvent":"*"}
[2021-05-28 19:07:23.581] [exthost] [info] ExtensionService#loadCommonJSModule file:///home/grupo8/.vscode-server/bin/054a9295330880ed74ceaedda236253b4f39a335/extensions/debug-auto-launch/dist/extension
[2021-05-28 19:07:23.592] [exthost] [info] ExtensionService#_doActivateExtension vscode.git {"startup":true,"extensionId":{"value":"vscode.github","_lower":"vscode.github"},"activationEvent":"*"}
[2021-05-28 19:07:23.592] [exthost] [info] ExtensionService#loadCommonJSModule file:///home/grupo8/.vscode-server/bin/054a9295330880ed74ceaedda236253b4f39a335/extensions/git/dist/main
[2021-05-28 19:07:23.887] [exthost] [info] ExtensionService#_doActivateExtension vscode.github {"startup":true,"extensionId":{"value":"vscode.github","_lower":"vscode.github"},"activationEvent":"*"}
[2021-05-28 19:07:23.887] [exthost] [info] ExtensionService#loadCommonJSModule file:///home/grupo8/.vscode-server/bin/054a9295330880ed74ceaedda236253b4f39a335/extensions/github/dist/extension.js
[2021-05-28 19:07:24.021] [exthost] [info] ExtensionService#_doActivateExtension vscode.emmet {"startup":false,"extensionId":{"value":"vscode.emmet","_lower":"vscode.emmet"},"activationEvent":"onStartupFinished"}
[2021-05-28 19:07:24.022] [exthost] [info] ExtensionService#loadCommonJSModule file:///home/grupo8/.vscode-server/bin/054a9295330880ed74ceaedda236253b4f39a335/extensions/emmet/dist/node/emmetNodeMain
[2021-05-28 19:07:24.050] [exthost] [info] ExtensionService#_doActivateExtension vscode.merge-conflict {"startup":false,"extensionId":{"value":"vscode.merge-conflict","_lower":"vscode.merge-conflict"},"activationEvent":"onStartupFinished"}
[2021-05-28 19:07:24.050] [exthost] [info] ExtensionService#loadCommonJSModule file:///home/grupo8/.vscode-server/bin/054a9295330880ed74ceaedda236253b4f39a335/extensions/merge-conflict/dist/mergeConflictMain
[2021-05-28 19:07:24.056] [exthost] [info] ExtensionService#_doActivateExtension vscode.testing-editor-contributions {"startup":false,"extensionId":{"value":"vscode.testing-editor-contributions","_lower":"vscode.testing-editor-contributions"},"activationEvent":"onStartupFinished"}
[2021-05-28 19:07:24.056] [exthost] [info] ExtensionService#loadCommonJSModule file:///home/grupo8/.vscode-server/bin/054a9295330880ed74ceaedda236253b4f39a335/extensions/testing-editor-contributions/dist/extension.js
[2021-05-28 19:07:24.058] [exthost] [info] eager extensions activated
[2021-05-28 19:07:24.270] [exthost] [warning] [Decorations] CAPPING events from decorations provider vscode.git 3533
[2021-05-28 19:07:26.007] [exthost] [info] ExtensionService#_doActivateExtension ms-vscode.js-debug {"startup":false,"extensionId":{"value":"ms-vscode.js-debug","_lower":"ms-vscode.js-debug"},"activationEvent":"onCommand:extension.js-debug.clearAutoAttachVariables"}
[2021-05-28 19:07:26.007] [exthost] [info] ExtensionService#loadCommonJSModule file:///home/grupo8/.vscode-server/bin/054a9295330880ed74ceaedda236253b4f39a335/extensions/ms-vscode.js-debug/src/extension.js
[2021-05-28 19:07:27.791] [exthost] [warning] [Decorations] CAPPING events from decorations provider vscode.git 3533
[2021-05-28 19:07:31.681] [exthost] [info] ExtensionService#_doActivateExtension vscode.php-language-features {"startup":false,"extensionId":{"value":"vscode.php-language-features","_lower":"vscode.php-language-features"},"activationEvent":"onLanguage:php"}
[2021-05-28 19:07:31.681] [exthost] [info] ExtensionService#loadCommonJSModule file:///home/grupo8/.vscode-server/bin/054a9295330880ed74ceaedda236253b4f39a335/extensions/php-language-features/dist/phpMain
[2021-05-28 19:07:33.081] [exthost] [warning] [Decorations] CAPPING events from decorations provider vscode.git 3533
[2021-05-28 19:10:01.816] [exthost] [warning] [Decorations] CAPPING events from decorations provider vscode.git 3533
[2021-05-28 19:14:37.549] [exthost] [warning] [Decorations] CAPPING events from decorations provider vscode.git 3532
[2021-05-28 19:16:39.197] [exthost] [warning] [Decorations] CAPPING events from decorations provider vscode.git 3532
[2021-05-28 19:16:44.431] [exthost] [warning] [Decorations] CAPPING events from decorations provider vscode.git 3532
[2021-05-28 19:16:49.628] [exthost] [warning] [Decorations] CAPPING events from decorations provider vscode.git 3532
[2021-05-28 19:16:54.817] [exthost] [warning] [Decorations] CAPPING events from decorations provider vscode.git 3532
[2021-05-28 19:17:00.017] [exthost] [warning] [Decorations] CAPPING events from decorations provider vscode.git 3532
[2021-05-28 19:17:06.860] [exthost] [warning] [Decorations] CAPPING events from decorations provider vscode.git 3532
[2021-05-28 19:18:53.774] [exthost] [warning] [Decorations] CAPPING events from decorations provider vscode.git 3532
[2021-05-28 19:18:56.980] [exthost] [info] extension host terminating: received terminate message from renderer
[2021-05-28 19:18:58.017] [exthost] [info] exiting with code 0
