[2021-06-20 13:46:15.657] [exthost] [info] extension host started
[2021-06-20 13:46:15.742] [exthost] [info] ExtensionService#_doActivateExtension vscode.debug-auto-launch {"startup":true,"extensionId":{"value":"vscode.debug-auto-launch","_lower":"vscode.debug-auto-launch"},"activationEvent":"*"}
[2021-06-20 13:46:15.743] [exthost] [info] ExtensionService#loadCommonJSModule file:///home/grupo8/.vscode-server/bin/054a9295330880ed74ceaedda236253b4f39a335/extensions/debug-auto-launch/dist/extension
[2021-06-20 13:46:15.757] [exthost] [info] ExtensionService#_doActivateExtension vscode.git {"startup":true,"extensionId":{"value":"vscode.github","_lower":"vscode.github"},"activationEvent":"*"}
[2021-06-20 13:46:15.757] [exthost] [info] ExtensionService#loadCommonJSModule file:///home/grupo8/.vscode-server/bin/054a9295330880ed74ceaedda236253b4f39a335/extensions/git/dist/main
[2021-06-20 13:46:16.407] [exthost] [info] ExtensionService#_doActivateExtension vscode.github {"startup":true,"extensionId":{"value":"vscode.github","_lower":"vscode.github"},"activationEvent":"*"}
[2021-06-20 13:46:16.408] [exthost] [info] ExtensionService#loadCommonJSModule file:///home/grupo8/.vscode-server/bin/054a9295330880ed74ceaedda236253b4f39a335/extensions/github/dist/extension.js
[2021-06-20 13:46:16.541] [exthost] [info] ExtensionService#_doActivateExtension vscode.emmet {"startup":false,"extensionId":{"value":"vscode.emmet","_lower":"vscode.emmet"},"activationEvent":"onStartupFinished"}
[2021-06-20 13:46:16.541] [exthost] [info] ExtensionService#loadCommonJSModule file:///home/grupo8/.vscode-server/bin/054a9295330880ed74ceaedda236253b4f39a335/extensions/emmet/dist/node/emmetNodeMain
[2021-06-20 13:46:16.587] [exthost] [info] ExtensionService#_doActivateExtension vscode.merge-conflict {"startup":false,"extensionId":{"value":"vscode.merge-conflict","_lower":"vscode.merge-conflict"},"activationEvent":"onStartupFinished"}
[2021-06-20 13:46:16.587] [exthost] [info] ExtensionService#loadCommonJSModule file:///home/grupo8/.vscode-server/bin/054a9295330880ed74ceaedda236253b4f39a335/extensions/merge-conflict/dist/mergeConflictMain
[2021-06-20 13:46:16.596] [exthost] [info] ExtensionService#_doActivateExtension vscode.testing-editor-contributions {"startup":false,"extensionId":{"value":"vscode.testing-editor-contributions","_lower":"vscode.testing-editor-contributions"},"activationEvent":"onStartupFinished"}
[2021-06-20 13:46:16.596] [exthost] [info] ExtensionService#loadCommonJSModule file:///home/grupo8/.vscode-server/bin/054a9295330880ed74ceaedda236253b4f39a335/extensions/testing-editor-contributions/dist/extension.js
[2021-06-20 13:46:16.598] [exthost] [info] eager extensions activated
[2021-06-20 13:46:16.657] [exthost] [info] ExtensionService#_doActivateExtension ms-vscode.js-debug {"startup":false,"extensionId":{"value":"ms-vscode.js-debug","_lower":"ms-vscode.js-debug"},"activationEvent":"onCommand:extension.js-debug.clearAutoAttachVariables"}
[2021-06-20 13:46:16.658] [exthost] [info] ExtensionService#loadCommonJSModule file:///home/grupo8/.vscode-server/bin/054a9295330880ed74ceaedda236253b4f39a335/extensions/ms-vscode.js-debug/src/extension.js
[2021-06-20 13:46:17.224] [exthost] [warning] [Decorations] CAPPING events from decorations provider vscode.git 4959
[2021-06-20 13:46:21.295] [exthost] [warning] [Decorations] CAPPING events from decorations provider vscode.git 4959
[2021-06-20 13:46:28.882] [exthost] [warning] [Decorations] CAPPING events from decorations provider vscode.git 4959
[2021-06-20 13:46:38.025] [exthost] [warning] [Decorations] CAPPING events from decorations provider vscode.git 4956
[2021-06-20 13:46:43.319] [exthost] [warning] [Decorations] CAPPING events from decorations provider vscode.git 4956
[2021-06-20 13:46:48.667] [exthost] [warning] [Decorations] CAPPING events from decorations provider vscode.git 4956
[2021-06-20 13:46:53.928] [exthost] [warning] [Decorations] CAPPING events from decorations provider vscode.git 4956
[2021-06-20 13:47:03.077] [exthost] [warning] [Decorations] CAPPING events from decorations provider vscode.git 4956
[2021-06-20 13:47:08.334] [exthost] [warning] [Decorations] CAPPING events from decorations provider vscode.git 4956
[2021-06-20 13:47:13.589] [exthost] [warning] [Decorations] CAPPING events from decorations provider vscode.git 4956
[2021-06-20 13:47:18.922] [exthost] [warning] [Decorations] CAPPING events from decorations provider vscode.git 4956
[2021-06-20 14:45:45.964] [exthost] [warning] [Decorations] CAPPING events from decorations provider vscode.git 4959
[2021-06-20 14:45:51.219] [exthost] [warning] [Decorations] CAPPING events from decorations provider vscode.git 4950
[2021-06-20 14:45:56.479] [exthost] [warning] [Decorations] CAPPING events from decorations provider vscode.git 4950
[2021-06-20 14:46:01.726] [exthost] [warning] [Decorations] CAPPING events from decorations provider vscode.git 4950
[2021-06-20 14:46:06.985] [exthost] [warning] [Decorations] CAPPING events from decorations provider vscode.git 4950
[2021-06-20 14:46:12.620] [exthost] [warning] [Decorations] CAPPING events from decorations provider vscode.git 4950
[2021-06-20 15:00:00.149] [exthost] [warning] [Decorations] CAPPING events from decorations provider vscode.git 4950
[2021-06-20 15:00:09.282] [exthost] [warning] [Decorations] CAPPING events from decorations provider vscode.git 4950
[2021-06-20 15:00:14.545] [exthost] [warning] [Decorations] CAPPING events from decorations provider vscode.git 4950
[2021-06-20 15:00:19.799] [exthost] [warning] [Decorations] CAPPING events from decorations provider vscode.git 4950
[2021-06-20 15:00:25.054] [exthost] [warning] [Decorations] CAPPING events from decorations provider vscode.git 4950
[2021-06-20 15:00:30.309] [exthost] [warning] [Decorations] CAPPING events from decorations provider vscode.git 4950
[2021-06-20 15:00:35.574] [exthost] [warning] [Decorations] CAPPING events from decorations provider vscode.git 4950
[2021-06-20 15:00:40.827] [exthost] [warning] [Decorations] CAPPING events from decorations provider vscode.git 4950
[2021-06-20 15:00:46.101] [exthost] [warning] [Decorations] CAPPING events from decorations provider vscode.git 4950
[2021-06-20 15:14:28.310] [exthost] [warning] [Decorations] CAPPING events from decorations provider vscode.git 4950
[2021-06-20 15:14:34.782] [exthost] [warning] [Decorations] CAPPING events from decorations provider vscode.git 4950
[2021-06-20 15:14:40.059] [exthost] [warning] [Decorations] CAPPING events from decorations provider vscode.git 4951
[2021-06-20 15:14:49.061] [exthost] [warning] [Decorations] CAPPING events from decorations provider vscode.git 4951
[2021-06-20 15:14:55.518] [exthost] [warning] [Decorations] CAPPING events from decorations provider vscode.git 4951
[2021-06-20 15:15:00.756] [exthost] [warning] [Decorations] CAPPING events from decorations provider vscode.git 4951
[2021-06-20 15:15:07.564] [exthost] [warning] [Decorations] CAPPING events from decorations provider vscode.git 4952
[2021-06-20 15:15:12.829] [exthost] [warning] [Decorations] CAPPING events from decorations provider vscode.git 4952
[2021-06-20 15:15:19.208] [exthost] [warning] [Decorations] CAPPING events from decorations provider vscode.git 4952
[2021-06-20 15:15:24.462] [exthost] [warning] [Decorations] CAPPING events from decorations provider vscode.git 4951
[2021-06-20 15:15:30.567] [exthost] [warning] [Decorations] CAPPING events from decorations provider vscode.git 4952
[2021-06-20 15:15:35.836] [exthost] [warning] [Decorations] CAPPING events from decorations provider vscode.git 4951
[2021-06-20 15:15:41.106] [exthost] [warning] [Decorations] CAPPING events from decorations provider vscode.git 4951
[2021-06-20 15:19:55.268] [exthost] [warning] [Decorations] CAPPING events from decorations provider vscode.git 4951
[2021-06-20 15:20:01.814] [exthost] [warning] [Decorations] CAPPING events from decorations provider vscode.git 4951
[2021-06-20 15:20:07.132] [exthost] [warning] [Decorations] CAPPING events from decorations provider vscode.git 4951
[2021-06-20 15:20:12.387] [exthost] [warning] [Decorations] CAPPING events from decorations provider vscode.git 4952
[2021-06-20 15:20:17.627] [exthost] [warning] [Decorations] CAPPING events from decorations provider vscode.git 4952
[2021-06-20 15:20:23.737] [exthost] [warning] [Decorations] CAPPING events from decorations provider vscode.git 4952
[2021-06-20 15:20:29.052] [exthost] [warning] [Decorations] CAPPING events from decorations provider vscode.git 4951
[2021-06-20 15:20:35.434] [exthost] [warning] [Decorations] CAPPING events from decorations provider vscode.git 4952
[2021-06-20 15:41:34.372] [exthost] [warning] [Decorations] CAPPING events from decorations provider vscode.git 4951
[2021-06-20 15:41:39.610] [exthost] [warning] [Decorations] CAPPING events from decorations provider vscode.git 4951
[2021-06-20 15:41:52.708] [exthost] [warning] [Decorations] CAPPING events from decorations provider vscode.git 4951
[2021-06-20 15:42:01.593] [exthost] [warning] [Decorations] CAPPING events from decorations provider vscode.git 4952
[2021-06-20 15:42:06.840] [exthost] [warning] [Decorations] CAPPING events from decorations provider vscode.git 4952
[2021-06-20 15:42:12.080] [exthost] [warning] [Decorations] CAPPING events from decorations provider vscode.git 4952
[2021-06-20 15:42:17.902] [exthost] [warning] [Decorations] CAPPING events from decorations provider vscode.git 4952
[2021-06-20 15:42:23.856] [exthost] [warning] [Decorations] CAPPING events from decorations provider vscode.git 4951
[2021-06-20 15:42:29.116] [exthost] [warning] [Decorations] CAPPING events from decorations provider vscode.git 4951
[2021-06-20 15:42:35.987] [exthost] [warning] [Decorations] CAPPING events from decorations provider vscode.git 4950
[2021-06-20 15:42:41.237] [exthost] [warning] [Decorations] CAPPING events from decorations provider vscode.git 4950
[2021-06-20 15:42:46.478] [exthost] [warning] [Decorations] CAPPING events from decorations provider vscode.git 4949
[2021-06-20 15:42:51.722] [exthost] [warning] [Decorations] CAPPING events from decorations provider vscode.git 4950
[2021-06-20 15:42:56.959] [exthost] [warning] [Decorations] CAPPING events from decorations provider vscode.git 4949
[2021-06-20 15:43:02.204] [exthost] [warning] [Decorations] CAPPING events from decorations provider vscode.git 4949
[2021-06-20 15:43:07.458] [exthost] [warning] [Decorations] CAPPING events from decorations provider vscode.git 4949
[2021-06-20 15:43:12.697] [exthost] [warning] [Decorations] CAPPING events from decorations provider vscode.git 4949
[2021-06-20 15:43:21.777] [exthost] [warning] [Decorations] CAPPING events from decorations provider vscode.git 4949
[2021-06-20 15:43:27.034] [exthost] [warning] [Decorations] CAPPING events from decorations provider vscode.git 4949
[2021-06-20 15:43:32.280] [exthost] [warning] [Decorations] CAPPING events from decorations provider vscode.git 4949
[2021-06-20 15:43:38.947] [exthost] [warning] [Decorations] CAPPING events from decorations provider vscode.git 4949
[2021-06-20 15:43:44.205] [exthost] [warning] [Decorations] CAPPING events from decorations provider vscode.git 4949
[2021-06-20 15:43:49.460] [exthost] [warning] [Decorations] CAPPING events from decorations provider vscode.git 4949
[2021-06-20 15:43:54.719] [exthost] [warning] [Decorations] CAPPING events from decorations provider vscode.git 4949
[2021-06-20 15:43:59.957] [exthost] [warning] [Decorations] CAPPING events from decorations provider vscode.git 4949
[2021-06-20 15:44:05.204] [exthost] [warning] [Decorations] CAPPING events from decorations provider vscode.git 4949
[2021-06-20 15:44:50.733] [exthost] [warning] [Decorations] CAPPING events from decorations provider vscode.git 4949
[2021-06-20 15:44:56.013] [exthost] [warning] [Decorations] CAPPING events from decorations provider vscode.git 4949
[2021-06-20 15:45:05.104] [exthost] [warning] [Decorations] CAPPING events from decorations provider vscode.git 4949
[2021-06-20 15:45:10.386] [exthost] [warning] [Decorations] CAPPING events from decorations provider vscode.git 4949
[2021-06-20 15:45:19.563] [exthost] [warning] [Decorations] CAPPING events from decorations provider vscode.git 4949
[2021-06-20 15:45:24.823] [exthost] [warning] [Decorations] CAPPING events from decorations provider vscode.git 4949
[2021-06-20 15:52:50.014] [exthost] [warning] [Decorations] CAPPING events from decorations provider vscode.git 4949
[2021-06-20 15:52:56.287] [exthost] [warning] [Decorations] CAPPING events from decorations provider vscode.git 4949
[2021-06-20 15:53:01.553] [exthost] [warning] [Decorations] CAPPING events from decorations provider vscode.git 4950
[2021-06-20 15:53:10.585] [exthost] [warning] [Decorations] CAPPING events from decorations provider vscode.git 4950
[2021-06-20 15:53:15.838] [exthost] [warning] [Decorations] CAPPING events from decorations provider vscode.git 4950
[2021-06-20 15:53:21.098] [exthost] [warning] [Decorations] CAPPING events from decorations provider vscode.git 4949
[2021-06-20 15:53:26.357] [exthost] [warning] [Decorations] CAPPING events from decorations provider vscode.git 4949
[2021-06-20 15:53:31.610] [exthost] [warning] [Decorations] CAPPING events from decorations provider vscode.git 4949
[2021-06-20 15:53:36.852] [exthost] [warning] [Decorations] CAPPING events from decorations provider vscode.git 4949
[2021-06-20 15:53:42.113] [exthost] [warning] [Decorations] CAPPING events from decorations provider vscode.git 4949
[2021-06-20 15:53:47.364] [exthost] [warning] [Decorations] CAPPING events from decorations provider vscode.git 4949
[2021-06-20 15:53:53.053] [exthost] [warning] [Decorations] CAPPING events from decorations provider vscode.git 4949
[2021-06-20 15:54:00.350] [exthost] [warning] [Decorations] CAPPING events from decorations provider vscode.git 4949
[2021-06-20 15:54:05.609] [exthost] [warning] [Decorations] CAPPING events from decorations provider vscode.git 4949
[2021-06-20 15:54:24.147] [exthost] [warning] [Decorations] CAPPING events from decorations provider vscode.git 4949
[2021-06-20 16:13:08.474] [exthost] [warning] [Decorations] CAPPING events from decorations provider vscode.git 4951
[2021-06-20 16:13:13.725] [exthost] [warning] [Decorations] CAPPING events from decorations provider vscode.git 4948
[2021-06-20 16:13:19.387] [exthost] [warning] [Decorations] CAPPING events from decorations provider vscode.git 4948
[2021-06-20 17:51:15.741] [exthost] [warning] [Decorations] CAPPING events from decorations provider vscode.git 4950
[2021-06-20 17:51:22.395] [exthost] [warning] [Decorations] CAPPING events from decorations provider vscode.git 4950
[2021-06-20 17:51:27.652] [exthost] [warning] [Decorations] CAPPING events from decorations provider vscode.git 4950
[2021-06-20 17:51:40.931] [exthost] [warning] [Decorations] CAPPING events from decorations provider vscode.git 4950
[2021-06-20 17:51:44.783] [exthost] [info] extension host terminating: received terminate message from renderer
[2021-06-20 17:51:45.807] [exthost] [info] exiting with code 0
