[2021-05-28 17:32:29.873] [exthost] [info] extension host started
[2021-05-28 17:32:29.974] [exthost] [info] ExtensionService#_doActivateExtension vscode.debug-auto-launch {"startup":true,"extensionId":{"value":"vscode.debug-auto-launch","_lower":"vscode.debug-auto-launch"},"activationEvent":"*"}
[2021-05-28 17:32:29.975] [exthost] [info] ExtensionService#loadCommonJSModule file:///home/grupo8/.vscode-server/bin/054a9295330880ed74ceaedda236253b4f39a335/extensions/debug-auto-launch/dist/extension
[2021-05-28 17:32:29.987] [exthost] [info] ExtensionService#_doActivateExtension vscode.git {"startup":true,"extensionId":{"value":"vscode.github","_lower":"vscode.github"},"activationEvent":"*"}
[2021-05-28 17:32:29.988] [exthost] [info] ExtensionService#loadCommonJSModule file:///home/grupo8/.vscode-server/bin/054a9295330880ed74ceaedda236253b4f39a335/extensions/git/dist/main
[2021-05-28 17:32:30.394] [exthost] [info] ExtensionService#_doActivateExtension vscode.github {"startup":true,"extensionId":{"value":"vscode.github","_lower":"vscode.github"},"activationEvent":"*"}
[2021-05-28 17:32:30.394] [exthost] [info] ExtensionService#loadCommonJSModule file:///home/grupo8/.vscode-server/bin/054a9295330880ed74ceaedda236253b4f39a335/extensions/github/dist/extension.js
[2021-05-28 17:32:30.529] [exthost] [info] ExtensionService#_doActivateExtension vscode.emmet {"startup":false,"extensionId":{"value":"vscode.emmet","_lower":"vscode.emmet"},"activationEvent":"onStartupFinished"}
[2021-05-28 17:32:30.530] [exthost] [info] ExtensionService#loadCommonJSModule file:///home/grupo8/.vscode-server/bin/054a9295330880ed74ceaedda236253b4f39a335/extensions/emmet/dist/node/emmetNodeMain
[2021-05-28 17:32:30.603] [exthost] [info] ExtensionService#_doActivateExtension vscode.merge-conflict {"startup":false,"extensionId":{"value":"vscode.merge-conflict","_lower":"vscode.merge-conflict"},"activationEvent":"onStartupFinished"}
[2021-05-28 17:32:30.603] [exthost] [info] ExtensionService#loadCommonJSModule file:///home/grupo8/.vscode-server/bin/054a9295330880ed74ceaedda236253b4f39a335/extensions/merge-conflict/dist/mergeConflictMain
[2021-05-28 17:32:30.616] [exthost] [info] ExtensionService#_doActivateExtension vscode.testing-editor-contributions {"startup":false,"extensionId":{"value":"vscode.testing-editor-contributions","_lower":"vscode.testing-editor-contributions"},"activationEvent":"onStartupFinished"}
[2021-05-28 17:32:30.616] [exthost] [info] ExtensionService#loadCommonJSModule file:///home/grupo8/.vscode-server/bin/054a9295330880ed74ceaedda236253b4f39a335/extensions/testing-editor-contributions/dist/extension.js
[2021-05-28 17:32:30.618] [exthost] [info] eager extensions activated
[2021-05-28 17:32:30.630] [exthost] [info] ExtensionService#_doActivateExtension ms-vscode.js-debug {"startup":false,"extensionId":{"value":"ms-vscode.js-debug","_lower":"ms-vscode.js-debug"},"activationEvent":"onCommand:extension.js-debug.clearAutoAttachVariables"}
[2021-05-28 17:32:30.631] [exthost] [info] ExtensionService#loadCommonJSModule file:///home/grupo8/.vscode-server/bin/054a9295330880ed74ceaedda236253b4f39a335/extensions/ms-vscode.js-debug/src/extension.js
[2021-05-28 17:32:31.546] [exthost] [warning] [Decorations] CAPPING events from decorations provider vscode.git 3532
[2021-05-28 17:32:34.505] [exthost] [warning] [Decorations] CAPPING events from decorations provider vscode.git 3532
[2021-05-28 17:32:39.793] [exthost] [warning] [Decorations] CAPPING events from decorations provider vscode.git 3532
[2021-05-28 17:32:46.499] [exthost] [info] ExtensionService#_doActivateExtension vscode.php-language-features {"startup":false,"extensionId":{"value":"vscode.php-language-features","_lower":"vscode.php-language-features"},"activationEvent":"onLanguage:php"}
[2021-05-28 17:32:46.500] [exthost] [info] ExtensionService#loadCommonJSModule file:///home/grupo8/.vscode-server/bin/054a9295330880ed74ceaedda236253b4f39a335/extensions/php-language-features/dist/phpMain
[2021-05-28 17:32:48.077] [exthost] [warning] [Decorations] CAPPING events from decorations provider vscode.git 3527
[2021-05-28 17:51:06.005] [exthost] [warning] [Decorations] CAPPING events from decorations provider vscode.git 3527
[2021-05-28 17:51:11.199] [exthost] [warning] [Decorations] CAPPING events from decorations provider vscode.git 3527
[2021-05-28 17:51:16.405] [exthost] [warning] [Decorations] CAPPING events from decorations provider vscode.git 3527
[2021-05-28 17:51:21.598] [exthost] [warning] [Decorations] CAPPING events from decorations provider vscode.git 3527
[2021-05-28 17:52:02.924] [exthost] [warning] [Decorations] CAPPING events from decorations provider vscode.git 3527
[2021-05-28 17:54:36.467] [exthost] [warning] [Decorations] CAPPING events from decorations provider vscode.git 3527
[2021-05-28 17:54:41.760] [exthost] [warning] [Decorations] CAPPING events from decorations provider vscode.git 3527
[2021-05-28 17:56:36.524] [exthost] [warning] [Decorations] CAPPING events from decorations provider vscode.git 3527
[2021-05-28 17:58:03.546] [exthost] [warning] [Decorations] CAPPING events from decorations provider vscode.git 3527
[2021-05-28 17:58:08.755] [exthost] [warning] [Decorations] CAPPING events from decorations provider vscode.git 3527
[2021-05-28 17:58:13.951] [exthost] [warning] [Decorations] CAPPING events from decorations provider vscode.git 3527
[2021-05-28 17:58:19.224] [exthost] [warning] [Decorations] CAPPING events from decorations provider vscode.git 3527
[2021-05-28 17:58:24.421] [exthost] [warning] [Decorations] CAPPING events from decorations provider vscode.git 3528
[2021-05-28 17:58:29.738] [exthost] [warning] [Decorations] CAPPING events from decorations provider vscode.git 3529
[2021-05-28 17:58:34.970] [exthost] [warning] [Decorations] CAPPING events from decorations provider vscode.git 3528
[2021-05-28 17:58:40.229] [exthost] [warning] [Decorations] CAPPING events from decorations provider vscode.git 3528
[2021-05-28 17:58:45.439] [exthost] [warning] [Decorations] CAPPING events from decorations provider vscode.git 3528
[2021-05-28 17:58:51.454] [exthost] [warning] [Decorations] CAPPING events from decorations provider vscode.git 3528
[2021-05-28 17:58:56.650] [exthost] [warning] [Decorations] CAPPING events from decorations provider vscode.git 3528
[2021-05-28 17:59:01.850] [exthost] [warning] [Decorations] CAPPING events from decorations provider vscode.git 3528
[2021-05-28 17:59:07.134] [exthost] [warning] [Decorations] CAPPING events from decorations provider vscode.git 3528
[2021-05-28 17:59:12.324] [exthost] [warning] [Decorations] CAPPING events from decorations provider vscode.git 3528
[2021-05-28 17:59:17.522] [exthost] [warning] [Decorations] CAPPING events from decorations provider vscode.git 3528
[2021-05-28 17:59:22.718] [exthost] [warning] [Decorations] CAPPING events from decorations provider vscode.git 3528
[2021-05-28 17:59:27.914] [exthost] [warning] [Decorations] CAPPING events from decorations provider vscode.git 3528
[2021-05-28 17:59:33.163] [exthost] [warning] [Decorations] CAPPING events from decorations provider vscode.git 3528
[2021-05-28 17:59:38.379] [exthost] [warning] [Decorations] CAPPING events from decorations provider vscode.git 3528
[2021-05-28 17:59:43.635] [exthost] [warning] [Decorations] CAPPING events from decorations provider vscode.git 3528
[2021-05-28 17:59:48.848] [exthost] [warning] [Decorations] CAPPING events from decorations provider vscode.git 3528
[2021-05-28 17:59:54.062] [exthost] [warning] [Decorations] CAPPING events from decorations provider vscode.git 3528
[2021-05-28 17:59:59.435] [exthost] [warning] [Decorations] CAPPING events from decorations provider vscode.git 3528
[2021-05-28 18:00:04.634] [exthost] [warning] [Decorations] CAPPING events from decorations provider vscode.git 3528
[2021-05-28 18:00:09.824] [exthost] [warning] [Decorations] CAPPING events from decorations provider vscode.git 3528
[2021-05-28 18:00:15.013] [exthost] [warning] [Decorations] CAPPING events from decorations provider vscode.git 3528
[2021-05-28 18:00:26.481] [exthost] [warning] [Decorations] CAPPING events from decorations provider vscode.git 3528
[2021-05-28 18:00:31.687] [exthost] [warning] [Decorations] CAPPING events from decorations provider vscode.git 3528
[2021-05-28 18:00:36.917] [exthost] [warning] [Decorations] CAPPING events from decorations provider vscode.git 3528
[2021-05-28 18:00:42.139] [exthost] [warning] [Decorations] CAPPING events from decorations provider vscode.git 3528
[2021-05-28 18:00:49.846] [exthost] [warning] [Decorations] CAPPING events from decorations provider vscode.git 3528
[2021-05-28 18:00:55.038] [exthost] [warning] [Decorations] CAPPING events from decorations provider vscode.git 3528
[2021-05-28 18:01:00.407] [exthost] [warning] [Decorations] CAPPING events from decorations provider vscode.git 3528
[2021-05-28 18:01:12.964] [exthost] [warning] [Decorations] CAPPING events from decorations provider vscode.git 3528
[2021-05-28 18:01:18.181] [exthost] [warning] [Decorations] CAPPING events from decorations provider vscode.git 3528
[2021-05-28 18:01:23.477] [exthost] [warning] [Decorations] CAPPING events from decorations provider vscode.git 3528
[2021-05-28 18:01:28.843] [exthost] [warning] [Decorations] CAPPING events from decorations provider vscode.git 3528
[2021-05-28 18:01:34.088] [exthost] [warning] [Decorations] CAPPING events from decorations provider vscode.git 3528
[2021-05-28 18:01:39.324] [exthost] [warning] [Decorations] CAPPING events from decorations provider vscode.git 3528
[2021-05-28 18:01:44.531] [exthost] [warning] [Decorations] CAPPING events from decorations provider vscode.git 3528
[2021-05-28 18:01:49.735] [exthost] [warning] [Decorations] CAPPING events from decorations provider vscode.git 3528
[2021-05-28 18:01:54.936] [exthost] [warning] [Decorations] CAPPING events from decorations provider vscode.git 3528
[2021-05-28 18:02:00.208] [exthost] [warning] [Decorations] CAPPING events from decorations provider vscode.git 3528
[2021-05-28 18:02:05.399] [exthost] [warning] [Decorations] CAPPING events from decorations provider vscode.git 3528
[2021-05-28 18:02:10.594] [exthost] [warning] [Decorations] CAPPING events from decorations provider vscode.git 3528
[2021-05-28 18:02:15.786] [exthost] [warning] [Decorations] CAPPING events from decorations provider vscode.git 3528
[2021-05-28 18:02:20.994] [exthost] [warning] [Decorations] CAPPING events from decorations provider vscode.git 3528
[2021-05-28 18:02:26.269] [exthost] [warning] [Decorations] CAPPING events from decorations provider vscode.git 3528
[2021-05-28 18:02:31.557] [exthost] [warning] [Decorations] CAPPING events from decorations provider vscode.git 3528
[2021-05-28 18:02:36.751] [exthost] [warning] [Decorations] CAPPING events from decorations provider vscode.git 3528
[2021-05-28 18:02:41.955] [exthost] [warning] [Decorations] CAPPING events from decorations provider vscode.git 3528
[2021-05-28 18:02:47.199] [exthost] [warning] [Decorations] CAPPING events from decorations provider vscode.git 3528
[2021-05-28 18:02:52.409] [exthost] [warning] [Decorations] CAPPING events from decorations provider vscode.git 3528
[2021-05-28 18:02:57.639] [exthost] [warning] [Decorations] CAPPING events from decorations provider vscode.git 3528
[2021-05-28 18:03:02.908] [exthost] [warning] [Decorations] CAPPING events from decorations provider vscode.git 3528
[2021-05-28 18:03:08.116] [exthost] [warning] [Decorations] CAPPING events from decorations provider vscode.git 3528
[2021-05-28 18:03:13.324] [exthost] [warning] [Decorations] CAPPING events from decorations provider vscode.git 3528
[2021-05-28 18:03:18.545] [exthost] [warning] [Decorations] CAPPING events from decorations provider vscode.git 3528
[2021-05-28 18:03:23.866] [exthost] [warning] [Decorations] CAPPING events from decorations provider vscode.git 3528
[2021-05-28 18:03:29.071] [exthost] [warning] [Decorations] CAPPING events from decorations provider vscode.git 3528
[2021-05-28 18:03:34.261] [exthost] [warning] [Decorations] CAPPING events from decorations provider vscode.git 3528
[2021-05-28 18:03:39.462] [exthost] [warning] [Decorations] CAPPING events from decorations provider vscode.git 3528
[2021-05-28 18:03:44.669] [exthost] [warning] [Decorations] CAPPING events from decorations provider vscode.git 3528
[2021-05-28 18:03:49.863] [exthost] [warning] [Decorations] CAPPING events from decorations provider vscode.git 3528
[2021-05-28 18:03:55.097] [exthost] [warning] [Decorations] CAPPING events from decorations provider vscode.git 3528
[2021-05-28 18:04:00.398] [exthost] [warning] [Decorations] CAPPING events from decorations provider vscode.git 3528
[2021-05-28 18:04:20.214] [exthost] [warning] [Decorations] CAPPING events from decorations provider vscode.git 3528
[2021-05-28 18:04:25.416] [exthost] [warning] [Decorations] CAPPING events from decorations provider vscode.git 3528
[2021-05-28 18:04:30.711] [exthost] [warning] [Decorations] CAPPING events from decorations provider vscode.git 3528
[2021-05-28 18:04:37.599] [exthost] [warning] [Decorations] CAPPING events from decorations provider vscode.git 3528
[2021-05-28 18:04:42.810] [exthost] [warning] [Decorations] CAPPING events from decorations provider vscode.git 3528
[2021-05-28 18:04:48.039] [exthost] [warning] [Decorations] CAPPING events from decorations provider vscode.git 3528
[2021-05-28 18:04:53.258] [exthost] [warning] [Decorations] CAPPING events from decorations provider vscode.git 3528
[2021-05-28 18:04:58.463] [exthost] [warning] [Decorations] CAPPING events from decorations provider vscode.git 3528
[2021-05-28 18:05:03.673] [exthost] [warning] [Decorations] CAPPING events from decorations provider vscode.git 3528
[2021-05-28 18:05:08.898] [exthost] [warning] [Decorations] CAPPING events from decorations provider vscode.git 3528
[2021-05-28 18:05:19.155] [exthost] [warning] [Decorations] CAPPING events from decorations provider vscode.git 3528
[2021-05-28 18:05:24.450] [exthost] [warning] [Decorations] CAPPING events from decorations provider vscode.git 3528
[2021-05-28 18:05:29.673] [exthost] [warning] [Decorations] CAPPING events from decorations provider vscode.git 3528
[2021-05-28 18:05:34.920] [exthost] [warning] [Decorations] CAPPING events from decorations provider vscode.git 3528
[2021-05-28 18:05:40.124] [exthost] [warning] [Decorations] CAPPING events from decorations provider vscode.git 3528
[2021-05-28 18:05:45.361] [exthost] [warning] [Decorations] CAPPING events from decorations provider vscode.git 3528
[2021-05-28 18:05:50.567] [exthost] [warning] [Decorations] CAPPING events from decorations provider vscode.git 3528
[2021-05-28 18:05:55.851] [exthost] [warning] [Decorations] CAPPING events from decorations provider vscode.git 3528
[2021-05-28 18:06:01.062] [exthost] [warning] [Decorations] CAPPING events from decorations provider vscode.git 3528
[2021-05-28 18:06:06.352] [exthost] [warning] [Decorations] CAPPING events from decorations provider vscode.git 3528
[2021-05-28 18:06:11.638] [exthost] [warning] [Decorations] CAPPING events from decorations provider vscode.git 3528
[2021-05-28 18:06:16.835] [exthost] [warning] [Decorations] CAPPING events from decorations provider vscode.git 3528
[2021-05-28 18:06:22.066] [exthost] [warning] [Decorations] CAPPING events from decorations provider vscode.git 3528
[2021-05-28 18:06:32.295] [exthost] [warning] [Decorations] CAPPING events from decorations provider vscode.git 3528
[2021-05-28 18:06:40.485] [exthost] [warning] [Decorations] CAPPING events from decorations provider vscode.git 3528
[2021-05-28 18:06:45.670] [exthost] [warning] [Decorations] CAPPING events from decorations provider vscode.git 3528
[2021-05-28 18:06:50.977] [exthost] [warning] [Decorations] CAPPING events from decorations provider vscode.git 3528
[2021-05-28 18:06:56.179] [exthost] [warning] [Decorations] CAPPING events from decorations provider vscode.git 3528
[2021-05-28 18:07:01.391] [exthost] [warning] [Decorations] CAPPING events from decorations provider vscode.git 3528
[2021-05-28 18:07:06.673] [exthost] [warning] [Decorations] CAPPING events from decorations provider vscode.git 3528
[2021-05-28 18:07:11.866] [exthost] [warning] [Decorations] CAPPING events from decorations provider vscode.git 3528
[2021-05-28 18:07:17.119] [exthost] [warning] [Decorations] CAPPING events from decorations provider vscode.git 3528
[2021-05-28 18:07:22.322] [exthost] [warning] [Decorations] CAPPING events from decorations provider vscode.git 3528
[2021-05-28 18:07:27.518] [exthost] [warning] [Decorations] CAPPING events from decorations provider vscode.git 3528
[2021-05-28 18:07:32.723] [exthost] [warning] [Decorations] CAPPING events from decorations provider vscode.git 3528
[2021-05-28 18:08:53.154] [exthost] [warning] [Decorations] CAPPING events from decorations provider vscode.git 3528
[2021-05-28 18:08:58.361] [exthost] [warning] [Decorations] CAPPING events from decorations provider vscode.git 3528
[2021-05-28 18:09:03.683] [exthost] [warning] [Decorations] CAPPING events from decorations provider vscode.git 3528
[2021-05-28 18:09:08.907] [exthost] [warning] [Decorations] CAPPING events from decorations provider vscode.git 3528
[2021-05-28 18:09:14.183] [exthost] [warning] [Decorations] CAPPING events from decorations provider vscode.git 3528
[2021-05-28 18:09:19.423] [exthost] [warning] [Decorations] CAPPING events from decorations provider vscode.git 3528
[2021-05-28 18:09:24.641] [exthost] [warning] [Decorations] CAPPING events from decorations provider vscode.git 3528
[2021-05-28 18:09:41.684] [exthost] [warning] [Decorations] CAPPING events from decorations provider vscode.git 3528
[2021-05-28 18:09:46.886] [exthost] [warning] [Decorations] CAPPING events from decorations provider vscode.git 3528
[2021-05-28 18:09:52.126] [exthost] [warning] [Decorations] CAPPING events from decorations provider vscode.git 3528
[2021-05-28 18:09:57.325] [exthost] [warning] [Decorations] CAPPING events from decorations provider vscode.git 3528
[2021-05-28 18:10:02.527] [exthost] [warning] [Decorations] CAPPING events from decorations provider vscode.git 3528
[2021-05-28 18:10:19.881] [exthost] [warning] [Decorations] CAPPING events from decorations provider vscode.git 3528
[2021-05-28 18:10:25.075] [exthost] [warning] [Decorations] CAPPING events from decorations provider vscode.git 3528
[2021-05-28 18:10:45.606] [exthost] [warning] [Decorations] CAPPING events from decorations provider vscode.git 3528
[2021-05-28 18:10:58.617] [exthost] [warning] [Decorations] CAPPING events from decorations provider vscode.git 3528
[2021-05-28 18:11:03.877] [exthost] [warning] [Decorations] CAPPING events from decorations provider vscode.git 3528
[2021-05-28 18:11:09.187] [exthost] [warning] [Decorations] CAPPING events from decorations provider vscode.git 3528
[2021-05-28 18:11:14.528] [exthost] [warning] [Decorations] CAPPING events from decorations provider vscode.git 3528
[2021-05-28 18:11:19.784] [exthost] [warning] [Decorations] CAPPING events from decorations provider vscode.git 3528
[2021-05-28 18:11:24.971] [exthost] [warning] [Decorations] CAPPING events from decorations provider vscode.git 3529
[2021-05-28 18:11:30.207] [exthost] [warning] [Decorations] CAPPING events from decorations provider vscode.git 3529
[2021-05-28 18:11:35.451] [exthost] [warning] [Decorations] CAPPING events from decorations provider vscode.git 3530
[2021-05-28 18:11:43.871] [exthost] [warning] [Decorations] CAPPING events from decorations provider vscode.git 3530
[2021-05-28 18:13:15.913] [exthost] [warning] [Decorations] CAPPING events from decorations provider vscode.git 3530
[2021-05-28 18:13:21.177] [exthost] [warning] [Decorations] CAPPING events from decorations provider vscode.git 3530
[2021-05-28 18:13:26.403] [exthost] [warning] [Decorations] CAPPING events from decorations provider vscode.git 3530
[2021-05-28 18:13:34.900] [exthost] [warning] [Decorations] CAPPING events from decorations provider vscode.git 3530
[2021-05-28 18:13:40.525] [exthost] [warning] [Decorations] CAPPING events from decorations provider vscode.git 3530
[2021-05-28 18:13:45.741] [exthost] [warning] [Decorations] CAPPING events from decorations provider vscode.git 3530
[2021-05-28 18:13:51.005] [exthost] [warning] [Decorations] CAPPING events from decorations provider vscode.git 3530
[2021-05-28 18:13:56.304] [exthost] [warning] [Decorations] CAPPING events from decorations provider vscode.git 3530
[2021-05-28 18:14:04.577] [exthost] [warning] [Decorations] CAPPING events from decorations provider vscode.git 3530
[2021-05-28 18:14:12.761] [exthost] [warning] [Decorations] CAPPING events from decorations provider vscode.git 3530
[2021-05-28 18:14:21.477] [exthost] [warning] [Decorations] CAPPING events from decorations provider vscode.git 3530
[2021-05-28 18:14:26.748] [exthost] [warning] [Decorations] CAPPING events from decorations provider vscode.git 3530
[2021-05-28 18:14:36.364] [exthost] [warning] [Decorations] CAPPING events from decorations provider vscode.git 3530
[2021-05-28 18:14:53.325] [exthost] [warning] [Decorations] CAPPING events from decorations provider vscode.git 3530
[2021-05-28 18:15:00.387] [exthost] [warning] [Decorations] CAPPING events from decorations provider vscode.git 3530
[2021-05-28 18:15:08.966] [exthost] [warning] [Decorations] CAPPING events from decorations provider vscode.git 3530
[2021-05-28 18:15:14.156] [exthost] [warning] [Decorations] CAPPING events from decorations provider vscode.git 3530
[2021-05-28 18:15:20.283] [exthost] [warning] [Decorations] CAPPING events from decorations provider vscode.git 3530
[2021-05-28 18:15:25.552] [exthost] [warning] [Decorations] CAPPING events from decorations provider vscode.git 3530
[2021-05-28 18:15:30.740] [exthost] [warning] [Decorations] CAPPING events from decorations provider vscode.git 3530
[2021-05-28 18:15:35.930] [exthost] [warning] [Decorations] CAPPING events from decorations provider vscode.git 3530
[2021-05-28 18:15:41.121] [exthost] [warning] [Decorations] CAPPING events from decorations provider vscode.git 3530
[2021-05-28 18:15:46.319] [exthost] [warning] [Decorations] CAPPING events from decorations provider vscode.git 3530
[2021-05-28 18:15:51.507] [exthost] [warning] [Decorations] CAPPING events from decorations provider vscode.git 3530
[2021-05-28 18:15:56.717] [exthost] [warning] [Decorations] CAPPING events from decorations provider vscode.git 3530
[2021-05-28 18:16:01.972] [exthost] [warning] [Decorations] CAPPING events from decorations provider vscode.git 3530
[2021-05-28 18:16:07.177] [exthost] [warning] [Decorations] CAPPING events from decorations provider vscode.git 3530
[2021-05-28 18:16:12.373] [exthost] [warning] [Decorations] CAPPING events from decorations provider vscode.git 3530
[2021-05-28 18:16:17.576] [exthost] [warning] [Decorations] CAPPING events from decorations provider vscode.git 3530
[2021-05-28 18:17:40.186] [exthost] [warning] [Decorations] CAPPING events from decorations provider vscode.git 3530
[2021-05-28 18:17:45.374] [exthost] [warning] [Decorations] CAPPING events from decorations provider vscode.git 3530
[2021-05-28 18:17:50.591] [exthost] [warning] [Decorations] CAPPING events from decorations provider vscode.git 3530
[2021-05-28 18:17:55.794] [exthost] [warning] [Decorations] CAPPING events from decorations provider vscode.git 3530
[2021-05-28 18:18:13.246] [exthost] [warning] [Decorations] CAPPING events from decorations provider vscode.git 3530
[2021-05-28 18:18:18.448] [exthost] [warning] [Decorations] CAPPING events from decorations provider vscode.git 3530
[2021-05-28 18:18:23.729] [exthost] [warning] [Decorations] CAPPING events from decorations provider vscode.git 3530
[2021-05-28 18:18:28.989] [exthost] [warning] [Decorations] CAPPING events from decorations provider vscode.git 3530
[2021-05-28 18:18:34.216] [exthost] [warning] [Decorations] CAPPING events from decorations provider vscode.git 3530
[2021-05-28 18:18:39.430] [exthost] [warning] [Decorations] CAPPING events from decorations provider vscode.git 3530
[2021-05-28 18:18:44.748] [exthost] [warning] [Decorations] CAPPING events from decorations provider vscode.git 3530
[2021-05-28 18:18:50.000] [exthost] [warning] [Decorations] CAPPING events from decorations provider vscode.git 3530
[2021-05-28 18:18:55.252] [exthost] [warning] [Decorations] CAPPING events from decorations provider vscode.git 3530
[2021-05-28 18:19:00.507] [exthost] [warning] [Decorations] CAPPING events from decorations provider vscode.git 3530
[2021-05-28 18:19:05.729] [exthost] [warning] [Decorations] CAPPING events from decorations provider vscode.git 3530
[2021-05-28 18:19:10.980] [exthost] [warning] [Decorations] CAPPING events from decorations provider vscode.git 3530
[2021-05-28 18:19:16.232] [exthost] [warning] [Decorations] CAPPING events from decorations provider vscode.git 3530
[2021-05-28 18:19:24.427] [exthost] [warning] [Decorations] CAPPING events from decorations provider vscode.git 3530
[2021-05-28 18:19:29.622] [exthost] [warning] [Decorations] CAPPING events from decorations provider vscode.git 3530
[2021-05-28 18:19:34.834] [exthost] [warning] [Decorations] CAPPING events from decorations provider vscode.git 3530
[2021-05-28 18:19:40.077] [exthost] [warning] [Decorations] CAPPING events from decorations provider vscode.git 3530
[2021-05-28 18:19:45.293] [exthost] [warning] [Decorations] CAPPING events from decorations provider vscode.git 3530
[2021-05-28 18:19:50.488] [exthost] [warning] [Decorations] CAPPING events from decorations provider vscode.git 3530
[2021-05-28 18:19:55.680] [exthost] [warning] [Decorations] CAPPING events from decorations provider vscode.git 3530
[2021-05-28 18:20:00.963] [exthost] [warning] [Decorations] CAPPING events from decorations provider vscode.git 3530
[2021-05-28 18:20:06.161] [exthost] [warning] [Decorations] CAPPING events from decorations provider vscode.git 3530
[2021-05-28 18:20:11.365] [exthost] [warning] [Decorations] CAPPING events from decorations provider vscode.git 3530
[2021-05-28 18:20:16.548] [exthost] [warning] [Decorations] CAPPING events from decorations provider vscode.git 3530
[2021-05-28 18:20:21.742] [exthost] [warning] [Decorations] CAPPING events from decorations provider vscode.git 3530
[2021-05-28 18:20:26.939] [exthost] [warning] [Decorations] CAPPING events from decorations provider vscode.git 3530
[2021-05-28 18:20:32.152] [exthost] [warning] [Decorations] CAPPING events from decorations provider vscode.git 3530
[2021-05-28 18:20:37.348] [exthost] [warning] [Decorations] CAPPING events from decorations provider vscode.git 3530
[2021-05-28 18:20:42.537] [exthost] [warning] [Decorations] CAPPING events from decorations provider vscode.git 3530
[2021-05-28 18:20:47.779] [exthost] [warning] [Decorations] CAPPING events from decorations provider vscode.git 3530
[2021-05-28 18:20:52.996] [exthost] [warning] [Decorations] CAPPING events from decorations provider vscode.git 3530
[2021-05-28 18:20:58.201] [exthost] [warning] [Decorations] CAPPING events from decorations provider vscode.git 3530
[2021-05-28 18:21:03.389] [exthost] [warning] [Decorations] CAPPING events from decorations provider vscode.git 3530
[2021-05-28 18:21:08.581] [exthost] [warning] [Decorations] CAPPING events from decorations provider vscode.git 3530
[2021-05-28 18:21:13.783] [exthost] [warning] [Decorations] CAPPING events from decorations provider vscode.git 3530
[2021-05-28 18:21:18.991] [exthost] [warning] [Decorations] CAPPING events from decorations provider vscode.git 3530
[2021-05-28 18:21:24.233] [exthost] [warning] [Decorations] CAPPING events from decorations provider vscode.git 3530
[2021-05-28 18:21:29.427] [exthost] [warning] [Decorations] CAPPING events from decorations provider vscode.git 3530
[2021-05-28 18:21:43.768] [exthost] [warning] [Decorations] CAPPING events from decorations provider vscode.git 3530
[2021-05-28 18:22:07.955] [exthost] [warning] [Decorations] CAPPING events from decorations provider vscode.git 3530
[2021-05-28 18:22:13.192] [exthost] [warning] [Decorations] CAPPING events from decorations provider vscode.git 3530
[2021-05-28 18:22:18.837] [exthost] [warning] [Decorations] CAPPING events from decorations provider vscode.git 3530
[2021-05-28 18:22:29.101] [exthost] [warning] [Decorations] CAPPING events from decorations provider vscode.git 3530
[2021-05-28 18:22:34.319] [exthost] [warning] [Decorations] CAPPING events from decorations provider vscode.git 3530
[2021-05-28 18:22:47.327] [exthost] [warning] [Decorations] CAPPING events from decorations provider vscode.git 3530
[2021-05-28 18:22:52.515] [exthost] [warning] [Decorations] CAPPING events from decorations provider vscode.git 3530
[2021-05-28 18:22:57.702] [exthost] [warning] [Decorations] CAPPING events from decorations provider vscode.git 3530
[2021-05-28 18:23:02.980] [exthost] [warning] [Decorations] CAPPING events from decorations provider vscode.git 3530
[2021-05-28 18:23:08.192] [exthost] [warning] [Decorations] CAPPING events from decorations provider vscode.git 3530
[2021-05-28 18:23:13.419] [exthost] [warning] [Decorations] CAPPING events from decorations provider vscode.git 3530
[2021-05-28 18:23:18.610] [exthost] [warning] [Decorations] CAPPING events from decorations provider vscode.git 3530
[2021-05-28 18:23:23.804] [exthost] [warning] [Decorations] CAPPING events from decorations provider vscode.git 3530
[2021-05-28 18:23:29.054] [exthost] [warning] [Decorations] CAPPING events from decorations provider vscode.git 3530
[2021-05-28 18:23:34.239] [exthost] [warning] [Decorations] CAPPING events from decorations provider vscode.git 3530
[2021-05-28 18:23:39.426] [exthost] [warning] [Decorations] CAPPING events from decorations provider vscode.git 3530
[2021-05-28 18:23:44.614] [exthost] [warning] [Decorations] CAPPING events from decorations provider vscode.git 3530
[2021-05-28 18:23:49.865] [exthost] [warning] [Decorations] CAPPING events from decorations provider vscode.git 3530
[2021-05-28 18:23:55.052] [exthost] [warning] [Decorations] CAPPING events from decorations provider vscode.git 3530
[2021-05-28 18:24:00.254] [exthost] [warning] [Decorations] CAPPING events from decorations provider vscode.git 3530
[2021-05-28 18:24:05.517] [exthost] [warning] [Decorations] CAPPING events from decorations provider vscode.git 3530
[2021-05-28 18:24:10.778] [exthost] [warning] [Decorations] CAPPING events from decorations provider vscode.git 3530
[2021-05-28 18:24:15.976] [exthost] [warning] [Decorations] CAPPING events from decorations provider vscode.git 3530
[2021-05-28 18:24:21.163] [exthost] [warning] [Decorations] CAPPING events from decorations provider vscode.git 3530
[2021-05-28 18:24:26.358] [exthost] [warning] [Decorations] CAPPING events from decorations provider vscode.git 3530
[2021-05-28 18:24:31.548] [exthost] [warning] [Decorations] CAPPING events from decorations provider vscode.git 3530
[2021-05-28 18:24:36.738] [exthost] [warning] [Decorations] CAPPING events from decorations provider vscode.git 3530
[2021-05-28 18:24:41.969] [exthost] [warning] [Decorations] CAPPING events from decorations provider vscode.git 3530
[2021-05-28 18:24:47.172] [exthost] [warning] [Decorations] CAPPING events from decorations provider vscode.git 3530
[2021-05-28 18:24:52.409] [exthost] [warning] [Decorations] CAPPING events from decorations provider vscode.git 3530
[2021-05-28 18:24:57.602] [exthost] [warning] [Decorations] CAPPING events from decorations provider vscode.git 3530
[2021-05-28 18:25:02.788] [exthost] [warning] [Decorations] CAPPING events from decorations provider vscode.git 3530
[2021-05-28 18:25:07.981] [exthost] [warning] [Decorations] CAPPING events from decorations provider vscode.git 3530
[2021-05-28 18:25:13.173] [exthost] [warning] [Decorations] CAPPING events from decorations provider vscode.git 3530
[2021-05-28 18:25:18.366] [exthost] [warning] [Decorations] CAPPING events from decorations provider vscode.git 3530
[2021-05-28 18:25:23.564] [exthost] [warning] [Decorations] CAPPING events from decorations provider vscode.git 3530
[2021-05-28 18:25:28.760] [exthost] [warning] [Decorations] CAPPING events from decorations provider vscode.git 3530
[2021-05-28 18:25:33.952] [exthost] [warning] [Decorations] CAPPING events from decorations provider vscode.git 3530
[2021-05-28 18:25:39.140] [exthost] [warning] [Decorations] CAPPING events from decorations provider vscode.git 3530
[2021-05-28 18:25:44.329] [exthost] [warning] [Decorations] CAPPING events from decorations provider vscode.git 3530
[2021-05-28 18:25:49.519] [exthost] [warning] [Decorations] CAPPING events from decorations provider vscode.git 3530
[2021-05-28 18:27:26.429] [exthost] [warning] [Decorations] CAPPING events from decorations provider vscode.git 3530
[2021-05-28 18:27:31.687] [exthost] [warning] [Decorations] CAPPING events from decorations provider vscode.git 3530
[2021-05-28 18:27:55.243] [exthost] [warning] [Decorations] CAPPING events from decorations provider vscode.git 3530
[2021-05-28 18:28:15.831] [exthost] [warning] [Decorations] CAPPING events from decorations provider vscode.git 3530
[2021-05-28 18:28:21.136] [exthost] [warning] [Decorations] CAPPING events from decorations provider vscode.git 3530
[2021-05-28 18:28:29.053] [exthost] [warning] [Decorations] CAPPING events from decorations provider vscode.git 3530
[2021-05-28 18:28:34.254] [exthost] [warning] [Decorations] CAPPING events from decorations provider vscode.git 3530
[2021-05-28 18:28:39.441] [exthost] [warning] [Decorations] CAPPING events from decorations provider vscode.git 3530
[2021-05-28 18:28:44.636] [exthost] [warning] [Decorations] CAPPING events from decorations provider vscode.git 3530
[2021-05-28 18:28:49.901] [exthost] [warning] [Decorations] CAPPING events from decorations provider vscode.git 3530
[2021-05-28 18:28:55.088] [exthost] [warning] [Decorations] CAPPING events from decorations provider vscode.git 3530
[2021-05-28 18:29:00.279] [exthost] [warning] [Decorations] CAPPING events from decorations provider vscode.git 3530
[2021-05-28 18:29:05.532] [exthost] [warning] [Decorations] CAPPING events from decorations provider vscode.git 3530
[2021-05-28 18:29:13.553] [exthost] [warning] [Decorations] CAPPING events from decorations provider vscode.git 3530
[2021-05-28 18:30:21.456] [exthost] [warning] [Decorations] CAPPING events from decorations provider vscode.git 3530
[2021-05-28 18:30:26.692] [exthost] [warning] [Decorations] CAPPING events from decorations provider vscode.git 3530
[2021-05-28 18:30:31.881] [exthost] [warning] [Decorations] CAPPING events from decorations provider vscode.git 3530
[2021-05-28 18:30:37.160] [exthost] [warning] [Decorations] CAPPING events from decorations provider vscode.git 3530
[2021-05-28 18:30:42.352] [exthost] [warning] [Decorations] CAPPING events from decorations provider vscode.git 3530
[2021-05-28 18:30:47.610] [exthost] [warning] [Decorations] CAPPING events from decorations provider vscode.git 3530
[2021-05-28 18:31:19.628] [exthost] [warning] [Decorations] CAPPING events from decorations provider vscode.git 3530
[2021-05-28 18:31:24.823] [exthost] [warning] [Decorations] CAPPING events from decorations provider vscode.git 3530
[2021-05-28 18:31:30.024] [exthost] [warning] [Decorations] CAPPING events from decorations provider vscode.git 3530
[2021-05-28 18:31:35.221] [exthost] [warning] [Decorations] CAPPING events from decorations provider vscode.git 3530
[2021-05-28 18:31:40.408] [exthost] [warning] [Decorations] CAPPING events from decorations provider vscode.git 3530
[2021-05-28 18:31:48.899] [exthost] [warning] [Decorations] CAPPING events from decorations provider vscode.git 3530
[2021-05-28 18:31:59.576] [exthost] [warning] [Decorations] CAPPING events from decorations provider vscode.git 3530
[2021-05-28 18:32:04.772] [exthost] [warning] [Decorations] CAPPING events from decorations provider vscode.git 3530
[2021-05-28 18:32:09.975] [exthost] [warning] [Decorations] CAPPING events from decorations provider vscode.git 3530
[2021-05-28 18:32:37.675] [exthost] [warning] [Decorations] CAPPING events from decorations provider vscode.git 3530
[2021-05-28 18:32:42.893] [exthost] [warning] [Decorations] CAPPING events from decorations provider vscode.git 3530
[2021-05-28 18:32:57.501] [exthost] [warning] [Decorations] CAPPING events from decorations provider vscode.git 3530
[2021-05-28 18:33:34.545] [exthost] [warning] [Decorations] CAPPING events from decorations provider vscode.git 3530
[2021-05-28 18:33:53.653] [exthost] [warning] [Decorations] CAPPING events from decorations provider vscode.git 3530
[2021-05-28 18:33:58.857] [exthost] [warning] [Decorations] CAPPING events from decorations provider vscode.git 3530
[2021-05-28 18:34:04.340] [exthost] [warning] [Decorations] CAPPING events from decorations provider vscode.git 3530
[2021-05-28 18:34:09.582] [exthost] [warning] [Decorations] CAPPING events from decorations provider vscode.git 3530
[2021-05-28 18:34:17.746] [exthost] [warning] [Decorations] CAPPING events from decorations provider vscode.git 3530
[2021-05-28 18:34:22.942] [exthost] [warning] [Decorations] CAPPING events from decorations provider vscode.git 3530
[2021-05-28 18:34:28.136] [exthost] [warning] [Decorations] CAPPING events from decorations provider vscode.git 3530
[2021-05-28 18:34:33.486] [exthost] [warning] [Decorations] CAPPING events from decorations provider vscode.git 3530
[2021-05-28 18:34:41.422] [exthost] [warning] [Decorations] CAPPING events from decorations provider vscode.git 3530
[2021-05-28 18:34:46.630] [exthost] [warning] [Decorations] CAPPING events from decorations provider vscode.git 3530
[2021-05-28 18:34:51.853] [exthost] [warning] [Decorations] CAPPING events from decorations provider vscode.git 3530
[2021-05-28 18:34:57.055] [exthost] [warning] [Decorations] CAPPING events from decorations provider vscode.git 3530
[2021-05-28 18:35:02.323] [exthost] [warning] [Decorations] CAPPING events from decorations provider vscode.git 3530
[2021-05-28 18:35:07.519] [exthost] [warning] [Decorations] CAPPING events from decorations provider vscode.git 3530
[2021-05-28 18:35:12.722] [exthost] [warning] [Decorations] CAPPING events from decorations provider vscode.git 3530
[2021-05-28 18:35:17.911] [exthost] [warning] [Decorations] CAPPING events from decorations provider vscode.git 3530
[2021-05-28 18:35:23.108] [exthost] [warning] [Decorations] CAPPING events from decorations provider vscode.git 3530
[2021-05-28 18:35:28.343] [exthost] [warning] [Decorations] CAPPING events from decorations provider vscode.git 3530
[2021-05-28 18:35:33.536] [exthost] [warning] [Decorations] CAPPING events from decorations provider vscode.git 3530
[2021-05-28 18:35:44.445] [exthost] [warning] [Decorations] CAPPING events from decorations provider vscode.git 3530
[2021-05-28 18:36:01.109] [exthost] [warning] [Decorations] CAPPING events from decorations provider vscode.git 3530
[2021-05-28 18:36:06.296] [exthost] [warning] [Decorations] CAPPING events from decorations provider vscode.git 3530
[2021-05-28 18:36:17.180] [exthost] [warning] [Decorations] CAPPING events from decorations provider vscode.git 3530
[2021-05-28 18:36:22.392] [exthost] [warning] [Decorations] CAPPING events from decorations provider vscode.git 3530
[2021-05-28 18:36:27.652] [exthost] [warning] [Decorations] CAPPING events from decorations provider vscode.git 3530
[2021-05-28 18:36:32.849] [exthost] [warning] [Decorations] CAPPING events from decorations provider vscode.git 3530
[2021-05-28 18:36:38.055] [exthost] [warning] [Decorations] CAPPING events from decorations provider vscode.git 3530
[2021-05-28 18:36:43.301] [exthost] [warning] [Decorations] CAPPING events from decorations provider vscode.git 3530
[2021-05-28 18:36:48.494] [exthost] [warning] [Decorations] CAPPING events from decorations provider vscode.git 3530
[2021-05-28 18:36:53.690] [exthost] [warning] [Decorations] CAPPING events from decorations provider vscode.git 3530
[2021-05-28 18:37:11.333] [exthost] [warning] [Decorations] CAPPING events from decorations provider vscode.git 3530
[2021-05-28 18:37:16.568] [exthost] [warning] [Decorations] CAPPING events from decorations provider vscode.git 3530
[2021-05-28 18:37:21.791] [exthost] [warning] [Decorations] CAPPING events from decorations provider vscode.git 3530
[2021-05-28 18:37:26.987] [exthost] [warning] [Decorations] CAPPING events from decorations provider vscode.git 3530
[2021-05-28 18:37:32.188] [exthost] [warning] [Decorations] CAPPING events from decorations provider vscode.git 3530
[2021-05-28 18:37:37.380] [exthost] [warning] [Decorations] CAPPING events from decorations provider vscode.git 3530
[2021-05-28 18:37:45.239] [exthost] [warning] [Decorations] CAPPING events from decorations provider vscode.git 3530
[2021-05-28 18:37:50.508] [exthost] [warning] [Decorations] CAPPING events from decorations provider vscode.git 3530
[2021-05-28 18:38:00.837] [exthost] [warning] [Decorations] CAPPING events from decorations provider vscode.git 3530
[2021-05-28 18:38:10.026] [exthost] [warning] [Decorations] CAPPING events from decorations provider vscode.git 3530
[2021-05-28 18:38:15.262] [exthost] [warning] [Decorations] CAPPING events from decorations provider vscode.git 3530
[2021-05-28 18:38:20.471] [exthost] [warning] [Decorations] CAPPING events from decorations provider vscode.git 3530
[2021-05-28 18:38:25.694] [exthost] [warning] [Decorations] CAPPING events from decorations provider vscode.git 3530
[2021-05-28 18:38:30.889] [exthost] [warning] [Decorations] CAPPING events from decorations provider vscode.git 3530
[2021-05-28 18:38:36.119] [exthost] [warning] [Decorations] CAPPING events from decorations provider vscode.git 3530
[2021-05-28 18:39:39.059] [exthost] [warning] [Decorations] CAPPING events from decorations provider vscode.git 3530
[2021-05-28 18:39:44.265] [exthost] [warning] [Decorations] CAPPING events from decorations provider vscode.git 3530
[2021-05-28 18:39:49.480] [exthost] [warning] [Decorations] CAPPING events from decorations provider vscode.git 3530
[2021-05-28 18:39:54.700] [exthost] [warning] [Decorations] CAPPING events from decorations provider vscode.git 3530
[2021-05-28 18:40:05.402] [exthost] [warning] [Decorations] CAPPING events from decorations provider vscode.git 3530
[2021-05-28 18:40:25.247] [exthost] [warning] [Decorations] CAPPING events from decorations provider vscode.git 3530
[2021-05-28 18:40:28.831] [exthost] [info] extension host terminating: received terminate message from renderer
[2021-05-28 18:40:29.967] [exthost] [info] exiting with code 0
