[2021-06-19 22:48:00.417] [exthost] [info] extension host started
[2021-06-19 22:48:00.556] [exthost] [info] ExtensionService#_doActivateExtension vscode.debug-auto-launch {"startup":true,"extensionId":{"value":"vscode.debug-auto-launch","_lower":"vscode.debug-auto-launch"},"activationEvent":"*"}
[2021-06-19 22:48:00.557] [exthost] [info] ExtensionService#loadCommonJSModule file:///home/grupo8/.vscode-server/bin/507ce72a4466fbb27b715c3722558bb15afa9f48/extensions/debug-auto-launch/dist/extension
[2021-06-19 22:48:00.570] [exthost] [info] ExtensionService#_doActivateExtension vscode.git {"startup":true,"extensionId":{"value":"vscode.github","_lower":"vscode.github"},"activationEvent":"*"}
[2021-06-19 22:48:00.570] [exthost] [info] ExtensionService#loadCommonJSModule file:///home/grupo8/.vscode-server/bin/507ce72a4466fbb27b715c3722558bb15afa9f48/extensions/git/dist/main
[2021-06-19 22:48:00.830] [exthost] [info] ExtensionService#_doActivateExtension vscode.github {"startup":true,"extensionId":{"value":"vscode.github","_lower":"vscode.github"},"activationEvent":"*"}
[2021-06-19 22:48:00.830] [exthost] [info] ExtensionService#loadCommonJSModule file:///home/grupo8/.vscode-server/bin/507ce72a4466fbb27b715c3722558bb15afa9f48/extensions/github/dist/extension.js
[2021-06-19 22:48:01.015] [exthost] [info] ExtensionService#_doActivateExtension vscode.emmet {"startup":false,"extensionId":{"value":"vscode.emmet","_lower":"vscode.emmet"},"activationEvent":"onStartupFinished"}
[2021-06-19 22:48:01.015] [exthost] [info] ExtensionService#loadCommonJSModule file:///home/grupo8/.vscode-server/bin/507ce72a4466fbb27b715c3722558bb15afa9f48/extensions/emmet/dist/node/emmetNodeMain
[2021-06-19 22:48:01.040] [exthost] [info] ExtensionService#_doActivateExtension vscode.merge-conflict {"startup":false,"extensionId":{"value":"vscode.merge-conflict","_lower":"vscode.merge-conflict"},"activationEvent":"onStartupFinished"}
[2021-06-19 22:48:01.041] [exthost] [info] ExtensionService#loadCommonJSModule file:///home/grupo8/.vscode-server/bin/507ce72a4466fbb27b715c3722558bb15afa9f48/extensions/merge-conflict/dist/mergeConflictMain
[2021-06-19 22:48:01.047] [exthost] [info] ExtensionService#_doActivateExtension vscode.testing-editor-contributions {"startup":false,"extensionId":{"value":"vscode.testing-editor-contributions","_lower":"vscode.testing-editor-contributions"},"activationEvent":"onStartupFinished"}
[2021-06-19 22:48:01.048] [exthost] [info] ExtensionService#loadCommonJSModule file:///home/grupo8/.vscode-server/bin/507ce72a4466fbb27b715c3722558bb15afa9f48/extensions/testing-editor-contributions/dist/extension.js
[2021-06-19 22:48:01.050] [exthost] [info] eager extensions activated
[2021-06-19 22:48:01.300] [exthost] [warning] [Decorations] CAPPING events from decorations provider vscode.git 4972
[2021-06-19 22:48:03.466] [exthost] [info] ExtensionService#_doActivateExtension ms-vscode.js-debug {"startup":false,"extensionId":{"value":"ms-vscode.js-debug","_lower":"ms-vscode.js-debug"},"activationEvent":"onCommand:extension.js-debug.clearAutoAttachVariables"}
[2021-06-19 22:48:03.466] [exthost] [info] ExtensionService#loadCommonJSModule file:///home/grupo8/.vscode-server/bin/507ce72a4466fbb27b715c3722558bb15afa9f48/extensions/ms-vscode.js-debug/src/extension.js
[2021-06-19 22:48:05.852] [exthost] [warning] [Decorations] CAPPING events from decorations provider vscode.git 4972
[2021-06-19 22:48:15.216] [exthost] [warning] [Decorations] CAPPING events from decorations provider vscode.git 4972
[2021-06-19 22:48:24.334] [exthost] [warning] [Decorations] CAPPING events from decorations provider vscode.git 4963
[2021-06-19 22:48:29.594] [exthost] [warning] [Decorations] CAPPING events from decorations provider vscode.git 4963
[2021-06-19 22:49:34.649] [exthost] [warning] [Decorations] CAPPING events from decorations provider vscode.git 4963
[2021-06-19 22:50:05.358] [exthost] [warning] [Decorations] CAPPING events from decorations provider vscode.git 4963
[2021-06-19 22:50:10.645] [exthost] [warning] [Decorations] CAPPING events from decorations provider vscode.git 4963
[2021-06-19 22:50:15.895] [exthost] [warning] [Decorations] CAPPING events from decorations provider vscode.git 4963
[2021-06-19 22:50:21.143] [exthost] [warning] [Decorations] CAPPING events from decorations provider vscode.git 4963
[2021-06-19 22:50:26.442] [exthost] [warning] [Decorations] CAPPING events from decorations provider vscode.git 4963
[2021-06-19 22:50:42.735] [exthost] [warning] [Decorations] CAPPING events from decorations provider vscode.git 4963
[2021-06-19 22:50:47.988] [exthost] [warning] [Decorations] CAPPING events from decorations provider vscode.git 4963
[2021-06-19 22:50:53.247] [exthost] [warning] [Decorations] CAPPING events from decorations provider vscode.git 4963
[2021-06-19 22:54:13.257] [exthost] [warning] [Decorations] CAPPING events from decorations provider vscode.git 4963
[2021-06-19 22:55:08.811] [exthost] [warning] [Decorations] CAPPING events from decorations provider vscode.git 4966
[2021-06-19 22:55:12.860] [exthost] [info] extension host terminating: received terminate message from renderer
[2021-06-19 22:55:13.884] [exthost] [info] exiting with code 0
