[2021-05-28 19:03:04.358] [exthost] [info] extension host started
[2021-05-28 19:03:04.426] [exthost] [info] ExtensionService#_doActivateExtension vscode.php-language-features {"startup":false,"extensionId":{"value":"vscode.php-language-features","_lower":"vscode.php-language-features"},"activationEvent":"onLanguage:php"}
[2021-05-28 19:03:04.427] [exthost] [info] ExtensionService#loadCommonJSModule file:///home/grupo8/.vscode-server/bin/054a9295330880ed74ceaedda236253b4f39a335/extensions/php-language-features/dist/phpMain
[2021-05-28 19:03:04.479] [exthost] [info] ExtensionService#_doActivateExtension vscode.debug-auto-launch {"startup":true,"extensionId":{"value":"vscode.debug-auto-launch","_lower":"vscode.debug-auto-launch"},"activationEvent":"*"}
[2021-05-28 19:03:04.479] [exthost] [info] ExtensionService#loadCommonJSModule file:///home/grupo8/.vscode-server/bin/054a9295330880ed74ceaedda236253b4f39a335/extensions/debug-auto-launch/dist/extension
[2021-05-28 19:03:04.493] [exthost] [info] ExtensionService#_doActivateExtension vscode.git {"startup":true,"extensionId":{"value":"vscode.github","_lower":"vscode.github"},"activationEvent":"*"}
[2021-05-28 19:03:04.493] [exthost] [info] ExtensionService#loadCommonJSModule file:///home/grupo8/.vscode-server/bin/054a9295330880ed74ceaedda236253b4f39a335/extensions/git/dist/main
[2021-05-28 19:03:04.778] [exthost] [info] ExtensionService#_doActivateExtension vscode.github {"startup":true,"extensionId":{"value":"vscode.github","_lower":"vscode.github"},"activationEvent":"*"}
[2021-05-28 19:03:04.778] [exthost] [info] ExtensionService#loadCommonJSModule file:///home/grupo8/.vscode-server/bin/054a9295330880ed74ceaedda236253b4f39a335/extensions/github/dist/extension.js
[2021-05-28 19:03:04.908] [exthost] [info] ExtensionService#_doActivateExtension vscode.emmet {"startup":false,"extensionId":{"value":"vscode.emmet","_lower":"vscode.emmet"},"activationEvent":"onStartupFinished"}
[2021-05-28 19:03:04.908] [exthost] [info] ExtensionService#loadCommonJSModule file:///home/grupo8/.vscode-server/bin/054a9295330880ed74ceaedda236253b4f39a335/extensions/emmet/dist/node/emmetNodeMain
[2021-05-28 19:03:05.006] [exthost] [info] ExtensionService#_doActivateExtension vscode.merge-conflict {"startup":false,"extensionId":{"value":"vscode.merge-conflict","_lower":"vscode.merge-conflict"},"activationEvent":"onStartupFinished"}
[2021-05-28 19:03:05.006] [exthost] [info] ExtensionService#loadCommonJSModule file:///home/grupo8/.vscode-server/bin/054a9295330880ed74ceaedda236253b4f39a335/extensions/merge-conflict/dist/mergeConflictMain
[2021-05-28 19:03:05.016] [exthost] [info] ExtensionService#_doActivateExtension vscode.testing-editor-contributions {"startup":false,"extensionId":{"value":"vscode.testing-editor-contributions","_lower":"vscode.testing-editor-contributions"},"activationEvent":"onStartupFinished"}
[2021-05-28 19:03:05.017] [exthost] [info] ExtensionService#loadCommonJSModule file:///home/grupo8/.vscode-server/bin/054a9295330880ed74ceaedda236253b4f39a335/extensions/testing-editor-contributions/dist/extension.js
[2021-05-28 19:03:05.019] [exthost] [info] eager extensions activated
[2021-05-28 19:03:05.051] [exthost] [info] ExtensionService#_doActivateExtension ms-vscode.js-debug {"startup":false,"extensionId":{"value":"ms-vscode.js-debug","_lower":"ms-vscode.js-debug"},"activationEvent":"onCommand:extension.js-debug.clearAutoAttachVariables"}
[2021-05-28 19:03:05.051] [exthost] [info] ExtensionService#loadCommonJSModule file:///home/grupo8/.vscode-server/bin/054a9295330880ed74ceaedda236253b4f39a335/extensions/ms-vscode.js-debug/src/extension.js
[2021-05-28 19:03:05.715] [exthost] [warning] [Decorations] CAPPING events from decorations provider vscode.git 3535
[2021-05-28 19:03:09.353] [exthost] [warning] [Decorations] CAPPING events from decorations provider vscode.git 3535
[2021-05-28 19:03:14.574] [exthost] [warning] [Decorations] CAPPING events from decorations provider vscode.git 3535
[2021-05-28 19:03:43.220] [exthost] [warning] [Decorations] CAPPING events from decorations provider vscode.git 3532
[2021-05-28 19:03:54.676] [exthost] [warning] [Decorations] CAPPING events from decorations provider vscode.git 3532
[2021-05-28 19:03:59.889] [exthost] [warning] [Decorations] CAPPING events from decorations provider vscode.git 3532
[2021-05-28 19:04:11.845] [exthost] [warning] [Decorations] CAPPING events from decorations provider vscode.git 3532
[2021-05-28 19:04:17.066] [exthost] [warning] [Decorations] CAPPING events from decorations provider vscode.git 3532
[2021-05-28 19:04:22.272] [exthost] [warning] [Decorations] CAPPING events from decorations provider vscode.git 3531
[2021-05-28 19:04:30.016] [exthost] [warning] [Decorations] CAPPING events from decorations provider vscode.git 3531
[2021-05-28 19:04:54.607] [exthost] [warning] [Decorations] CAPPING events from decorations provider vscode.git 3531
[2021-05-28 19:04:59.811] [exthost] [warning] [Decorations] CAPPING events from decorations provider vscode.git 3531
[2021-05-28 19:05:07.961] [exthost] [warning] [Decorations] CAPPING events from decorations provider vscode.git 3531
[2021-05-28 19:05:13.849] [exthost] [warning] [Decorations] CAPPING events from decorations provider vscode.git 3531
[2021-05-28 19:05:26.172] [exthost] [warning] [Decorations] CAPPING events from decorations provider vscode.git 3531
[2021-05-28 19:05:34.764] [exthost] [warning] [Decorations] CAPPING events from decorations provider vscode.git 3531
[2021-05-28 19:05:39.977] [exthost] [warning] [Decorations] CAPPING events from decorations provider vscode.git 3531
[2021-05-28 19:06:04.934] [exthost] [warning] [Decorations] CAPPING events from decorations provider vscode.git 3531
[2021-05-28 19:06:09.149] [exthost] [info] extension host terminating: received terminate message from renderer
[2021-05-28 19:06:10.167] [exthost] [info] exiting with code 0
