[2021-06-19 23:00:08.138] [exthost] [info] extension host started
[2021-06-19 23:00:08.237] [exthost] [info] ExtensionService#_doActivateExtension vscode.php-language-features {"startup":false,"extensionId":{"value":"vscode.php-language-features","_lower":"vscode.php-language-features"},"activationEvent":"onLanguage:php"}
[2021-06-19 23:00:08.238] [exthost] [info] ExtensionService#loadCommonJSModule file:///home/grupo8/.vscode-server/bin/507ce72a4466fbb27b715c3722558bb15afa9f48/extensions/php-language-features/dist/phpMain
[2021-06-19 23:00:08.260] [exthost] [info] ExtensionService#_doActivateExtension vscode.debug-auto-launch {"startup":true,"extensionId":{"value":"vscode.debug-auto-launch","_lower":"vscode.debug-auto-launch"},"activationEvent":"*"}
[2021-06-19 23:00:08.260] [exthost] [info] ExtensionService#loadCommonJSModule file:///home/grupo8/.vscode-server/bin/507ce72a4466fbb27b715c3722558bb15afa9f48/extensions/debug-auto-launch/dist/extension
[2021-06-19 23:00:08.274] [exthost] [info] ExtensionService#_doActivateExtension vscode.git {"startup":true,"extensionId":{"value":"vscode.github","_lower":"vscode.github"},"activationEvent":"*"}
[2021-06-19 23:00:08.274] [exthost] [info] ExtensionService#loadCommonJSModule file:///home/grupo8/.vscode-server/bin/507ce72a4466fbb27b715c3722558bb15afa9f48/extensions/git/dist/main
[2021-06-19 23:00:09.026] [exthost] [info] ExtensionService#_doActivateExtension vscode.github {"startup":true,"extensionId":{"value":"vscode.github","_lower":"vscode.github"},"activationEvent":"*"}
[2021-06-19 23:00:09.027] [exthost] [info] ExtensionService#loadCommonJSModule file:///home/grupo8/.vscode-server/bin/507ce72a4466fbb27b715c3722558bb15afa9f48/extensions/github/dist/extension.js
[2021-06-19 23:00:09.238] [exthost] [info] ExtensionService#_doActivateExtension vscode.emmet {"startup":false,"extensionId":{"value":"vscode.emmet","_lower":"vscode.emmet"},"activationEvent":"onStartupFinished"}
[2021-06-19 23:00:09.239] [exthost] [info] ExtensionService#loadCommonJSModule file:///home/grupo8/.vscode-server/bin/507ce72a4466fbb27b715c3722558bb15afa9f48/extensions/emmet/dist/node/emmetNodeMain
[2021-06-19 23:00:09.261] [exthost] [info] ExtensionService#_doActivateExtension vscode.merge-conflict {"startup":false,"extensionId":{"value":"vscode.merge-conflict","_lower":"vscode.merge-conflict"},"activationEvent":"onStartupFinished"}
[2021-06-19 23:00:09.261] [exthost] [info] ExtensionService#loadCommonJSModule file:///home/grupo8/.vscode-server/bin/507ce72a4466fbb27b715c3722558bb15afa9f48/extensions/merge-conflict/dist/mergeConflictMain
[2021-06-19 23:00:09.267] [exthost] [info] ExtensionService#_doActivateExtension vscode.testing-editor-contributions {"startup":false,"extensionId":{"value":"vscode.testing-editor-contributions","_lower":"vscode.testing-editor-contributions"},"activationEvent":"onStartupFinished"}
[2021-06-19 23:00:09.267] [exthost] [info] ExtensionService#loadCommonJSModule file:///home/grupo8/.vscode-server/bin/507ce72a4466fbb27b715c3722558bb15afa9f48/extensions/testing-editor-contributions/dist/extension.js
[2021-06-19 23:00:09.269] [exthost] [info] eager extensions activated
[2021-06-19 23:00:09.457] [exthost] [warning] [Decorations] CAPPING events from decorations provider vscode.git 4959
[2021-06-19 23:00:11.773] [exthost] [info] ExtensionService#_doActivateExtension ms-vscode.js-debug {"startup":false,"extensionId":{"value":"ms-vscode.js-debug","_lower":"ms-vscode.js-debug"},"activationEvent":"onCommand:extension.js-debug.clearAutoAttachVariables"}
[2021-06-19 23:00:11.774] [exthost] [info] ExtensionService#loadCommonJSModule file:///home/grupo8/.vscode-server/bin/507ce72a4466fbb27b715c3722558bb15afa9f48/extensions/ms-vscode.js-debug/src/extension.js
[2021-06-19 23:00:13.814] [exthost] [warning] [Decorations] CAPPING events from decorations provider vscode.git 4959
[2021-06-19 23:00:23.223] [exthost] [warning] [Decorations] CAPPING events from decorations provider vscode.git 4959
[2021-06-19 23:00:32.588] [exthost] [warning] [Decorations] CAPPING events from decorations provider vscode.git 4959
[2021-06-19 23:00:37.848] [exthost] [warning] [Decorations] CAPPING events from decorations provider vscode.git 4959
[2021-06-19 23:00:43.126] [exthost] [warning] [Decorations] CAPPING events from decorations provider vscode.git 4959
[2021-06-19 23:00:52.269] [exthost] [warning] [Decorations] CAPPING events from decorations provider vscode.git 4959
[2021-06-19 23:00:57.528] [exthost] [warning] [Decorations] CAPPING events from decorations provider vscode.git 4959
[2021-06-19 23:01:02.804] [exthost] [warning] [Decorations] CAPPING events from decorations provider vscode.git 4959
[2021-06-19 23:01:08.152] [exthost] [warning] [Decorations] CAPPING events from decorations provider vscode.git 4958
[2021-06-19 23:01:43.847] [exthost] [warning] [Decorations] CAPPING events from decorations provider vscode.git 4958
[2021-06-19 23:01:49.109] [exthost] [warning] [Decorations] CAPPING events from decorations provider vscode.git 4958
[2021-06-19 23:01:54.434] [exthost] [warning] [Decorations] CAPPING events from decorations provider vscode.git 4958
[2021-06-19 23:01:59.696] [exthost] [warning] [Decorations] CAPPING events from decorations provider vscode.git 4958
[2021-06-19 23:02:21.199] [exthost] [warning] [Decorations] CAPPING events from decorations provider vscode.git 4958
[2021-06-19 23:02:26.482] [exthost] [warning] [Decorations] CAPPING events from decorations provider vscode.git 4958
[2021-06-19 23:04:52.837] [exthost] [warning] [Decorations] CAPPING events from decorations provider vscode.git 4959
[2021-06-19 23:04:58.088] [exthost] [warning] [Decorations] CAPPING events from decorations provider vscode.git 4958
[2021-06-19 23:05:03.352] [exthost] [warning] [Decorations] CAPPING events from decorations provider vscode.git 4958
[2021-06-19 23:05:08.623] [exthost] [warning] [Decorations] CAPPING events from decorations provider vscode.git 4958
[2021-06-19 23:05:13.887] [exthost] [warning] [Decorations] CAPPING events from decorations provider vscode.git 4958
[2021-06-19 23:05:19.154] [exthost] [warning] [Decorations] CAPPING events from decorations provider vscode.git 4958
[2021-06-19 23:05:24.416] [exthost] [warning] [Decorations] CAPPING events from decorations provider vscode.git 4958
[2021-06-19 23:05:30.919] [exthost] [warning] [Decorations] CAPPING events from decorations provider vscode.git 4958
[2021-06-19 23:05:35.776] [exthost] [info] extension host terminating: received terminate message from renderer
[2021-06-19 23:05:36.800] [exthost] [info] exiting with code 0
